<?xml version="1.0" encoding="UTF-8"?>
<testng-results ignored="0" total="1" passed="1" failed="0" skipped="0">
  <reporter-output>
  </reporter-output>
  <suite started-at="2021-12-30T15:03:03 BDT" name="Default suite" finished-at="2021-12-30T15:04:58 BDT" duration-ms="115213">
    <groups>
    </groups>
    <test started-at="2021-12-30T15:03:03 BDT" name="Default test" finished-at="2021-12-30T15:04:58 BDT" duration-ms="115213">
      <class name="testCase.TC_001$TestClass">
        <test-method is-config="true" signature="setDriver()[pri:0, instance:testCase.TC_001$TestClass@437da279]" started-at="2021-12-30T15:02:55 BDT" name="setDriver" finished-at="2021-12-30T15:03:03 BDT" duration-ms="8273" status="PASS">
          <reporter-output>
          </reporter-output>
        </test-method> <!-- setDriver -->
        <test-method signature="testNavbar()[pri:0, instance:testCase.TC_001$TestClass@437da279]" started-at="2021-12-30T15:03:03 BDT" name="testNavbar" finished-at="2021-12-30T15:04:58 BDT" duration-ms="115181" status="PASS">
          <reporter-output>
          </reporter-output>
        </test-method> <!-- testNavbar -->
        <test-method is-config="true" signature="close()[pri:0, instance:testCase.TC_001$TestClass@437da279]" started-at="2021-12-30T15:04:58 BDT" name="close" finished-at="2021-12-30T15:04:58 BDT" duration-ms="256" status="PASS">
          <reporter-output>
          </reporter-output>
        </test-method> <!-- close -->
      </class> <!-- testCase.TC_001$TestClass -->
    </test> <!-- Default test -->
  </suite> <!-- Default suite -->
</testng-results>
